<?xml version="1.0" encoding="UTF-8"?>
<testng-results skipped="0" failed="0" ignored="0" total="1" passed="1">
  <reporter-output>
  </reporter-output>
  <suite name="Default suite" duration-ms="1250" started-at="2019-10-11T18:13:42 IST" finished-at="2019-10-11T18:13:43 IST">
    <groups>
      <group name="cucumber">
        <method signature="TestRunner.feature(cucumber.api.testng.CucumberFeatureWrapper)[pri:0, instance:MyRunner.TestRunner@7d0587f1]" name="feature" class="MyRunner.TestRunner"/>
      </group> <!-- cucumber -->
    </groups>
    <test name="Default test" duration-ms="1250" started-at="2019-10-11T18:13:42 IST" finished-at="2019-10-11T18:13:43 IST">
      <class name="MyRunner.TestRunner">
        <test-method status="PASS" signature="setUpClass()[pri:0, instance:MyRunner.TestRunner@7d0587f1]" name="setUpClass" is-config="true" duration-ms="699" started-at="2019-10-11T18:13:42 IST" finished-at="2019-10-11T18:13:43 IST">
          <reporter-output>
          </reporter-output>
        </test-method> <!-- setUpClass -->
        <test-method status="PASS" signature="feature(cucumber.api.testng.CucumberFeatureWrapper)[pri:0, instance:MyRunner.TestRunner@7d0587f1]" name="feature" duration-ms="118" started-at="2019-10-11T18:13:43 IST" description="Runs Cucumber Feature" data-provider="features" finished-at="2019-10-11T18:13:43 IST">
          <params>
            <param index="0">
              <value>
                <![CDATA[Free CRM Login Feature]]>
              </value>
            </param>
          </params>
          <reporter-output>
          </reporter-output>
        </test-method> <!-- feature -->
      </class> <!-- MyRunner.TestRunner -->
    </test> <!-- Default test -->
  </suite> <!-- Default suite -->
</testng-results>
